185 words loaded from meminit.hex
Starting simulation...

HALT executed(Core 1).
HALT executed(Core 2).
Done simulating...

Instruction Breakdown:

		Core 1
	  SLL:  320 (11.60%)
	    J:  320 (11.60%)
	  JAL:   41 (1.49%)
	  BEQ:  660 (23.93%)
	  BNE:   20 (0.73%)
	 ADDI:   20 (0.73%)
	 ADDIU:  332 (12.04%)
	  ORI:   64 (2.32%)
	  LUI:   10 (0.36%)
	  SRL:  320 (11.60%)
	   LW:   21 (0.76%)
	   SW:   31 (1.12%)
	   LL:   10 (0.36%)
	   SC:   10 (0.36%)
	 HALT:    1 (0.04%)
	   JR:   41 (1.49%)
	  SUB:   10 (0.36%)
	   OR:   60 (2.18%)
	  XOR:  137 (4.97%)
	  SLT:  330 (11.97%)
	 TOTAL: 2758

	PC: 0000000C

General Purpose Registers:
	R 0: 00000000	R 1: 00000000	R 2: 080A1EC6	R 3: 00000000
	R 4: 0000005C	R 5: 00000000	R 6: 00000000	R 7: 00000000
	R 8: 00001270	R 9: 00000004	R10: 00001274	R11: 00009000
	R12: 00000000	R13: 00000000	R14: 0000000A	R15: 0000000A
	R16: 00000000	R17: 00000000	R18: 00000000	R19: 00000000
	R20: 00000000	R21: 00000000	R22: 00000000	R23: 00000000
	R24: 080A1EC6	R25: 080A1EC6	R26: 00000000	R27: 00000000
	R28: 00000000	R29: 00003FFC	R30: 00000000	R31: 00000008


		Core 2
	  SLL:  896 (0.63%)
	    J: 27893 (19.59%)
	  JAL:   62 (0.04%)
	  BEQ:  462 (0.32%)
	  BNE: 27917 (19.60%)
	 ADDI:   20 (0.01%)
	 ADDIU: 28031 (19.68%)
	 ANDI:   40 (0.03%)
	  ORI:  480 (0.34%)
	   LW:  525 (0.37%)
	   SW:   97 (0.07%)
	   LL:   11 (0.01%)
	   SC:   10 (0.01%)
	 HALT:    1 (0.00%)
	   JR:   62 (0.04%)
	  ADD:   10 (0.01%)
	  SUB:   10 (0.01%)
	 SUBU: 27893 (19.59%)
	   OR:   62 (0.04%)
	  SLT: 27916 (19.60%)
	 TOTAL: 142398

	PC: 0000100C

General Purpose Registers:
	R 0: 00000000	R 1: 00000000	R 2: 00006CF5 quotient	R 3: 00000006 remainder
	R 4: 00044198	R 5: 0000000A	R 6: 00000000	R 7: 00000000
	R 8: 0000E008	R 9: 00000000	R10: 00001274	R11: 00009000
	R12: 00000000	R13: 0000000A	R14: 0000000A	R15: 00001EC6
	R16: 00001EC6 min	R17: 0000F429 max	R18: 00006CF5	R19: 00000006
	R20: 00000000	R21: 00000000	R22: 00000000	R23: 00000000
	R24: 00000000	R25: 00000000	R26: 00000000	R27: 00000000
	R28: 00000000	R29: 00007FFC	R30: 00000000	R31: 00001008
